<?xml version="1.0" encoding="UTF-8"?>
<!-- Generated by org.testng.reporters.JUnitReportReporter -->
<testsuite skipped="0" hostname="Kineshs-MacBook-Pro.local" name="Academy.EndtoEnd_project.AppTest" tests="1" failures="0" timestamp="12 Apr 2018 18:34:53 GMT" time="0.006" errors="0">
  <testcase name="testApp" time="0.006" classname="Academy.EndtoEnd_project.AppTest"/>
</testsuite> <!-- Academy.EndtoEnd_project.AppTest -->
