<?xml version="1.0" encoding="UTF-8"?>
<!-- Generated by org.testng.reporters.JUnitReportReporter -->
<testsuite skipped="0" hostname="Kineshs-MacBook-Pro.local" name="Academy.EndtoEnd_project.AppTest" tests="1" failures="0" timestamp="11 Apr 2018 22:55:15 GMT" time="0.003" errors="0">
  <testcase name="testApp" time="0.003" classname="Academy.EndtoEnd_project.AppTest"/>
</testsuite> <!-- Academy.EndtoEnd_project.AppTest -->
